2025-05-29 07:18:02,847 - phase-viz - INFO - <module>:315 - Starting phase-viz CLI
2025-05-29 07:18:02,847 - phase-viz - INFO - load_dir:60 - Loading directory: examples/DLN_checkpoints
2025-05-29 07:18:02,847 - phase-viz - INFO - load_dir:61 - Model file: examples/DLN.py
2025-05-29 07:18:02,847 - phase-viz - INFO - load_dir:84 - Class name: DLN
2025-05-29 07:18:20,920 - phase-viz - INFO - <module>:315 - Starting phase-viz CLI
2025-05-29 07:18:20,921 - phase-viz - INFO - load_dir:60 - Loading directory: ../examples/DLN_checkpoints
2025-05-29 07:18:20,921 - phase-viz - INFO - load_dir:61 - Model file: examples/DLN.py
2025-05-29 07:18:20,921 - phase-viz - ERROR - load_dir:79 - Error auto-detecting class: Error loading classes from examples/DLN.py: [Errno 2] No such file or directory: '/home/sam/Documents/phase-viz/phase-viz/src/examples/DLN.py'
2025-05-29 07:19:10,404 - phase-viz - INFO - <module>:315 - Starting phase-viz CLI
2025-05-29 07:19:10,405 - phase-viz - INFO - load_dir:60 - Loading directory: ../examples/DLN_checkpoints
2025-05-29 07:19:10,405 - phase-viz - INFO - load_dir:61 - Model file: ../examples/DLN.py
2025-05-29 07:19:10,405 - phase-viz - ERROR - load_dir:79 - Error auto-detecting class: Error loading classes from ../examples/DLN.py: [Errno 2] No such file or directory: '/home/sam/Documents/phase-viz/phase-viz/src/../examples/DLN.py'
2025-05-29 07:19:50,243 - phase-viz - INFO - <module>:315 - Starting phase-viz CLI
2025-05-29 07:19:50,243 - phase-viz - INFO - load_dir:60 - Loading directory: ../examples/DLN_checkpoints_example
2025-05-29 07:19:50,243 - phase-viz - INFO - load_dir:61 - Model file: examples/DLN_example.py
2025-05-29 07:19:50,243 - phase-viz - ERROR - load_dir:79 - Error auto-detecting class: Error loading classes from examples/DLN_example.py: [Errno 2] No such file or directory: '/home/sam/Documents/phase-viz/phase-viz/src/examples/DLN_example.py'
2025-05-29 07:20:03,558 - phase-viz - INFO - <module>:315 - Starting phase-viz CLI
2025-05-29 07:20:03,558 - phase-viz - INFO - load_dir:60 - Loading directory: ../examples/DLN_checkpoints_example
2025-05-29 07:20:03,558 - phase-viz - INFO - load_dir:61 - Model file: ../examples/DLN_example.py
2025-05-29 07:20:03,559 - phase-viz - INFO - load_dir:70 - Auto-detected class: DLN
2025-05-29 07:20:03,559 - phase-viz - INFO - load_dir:84 - Class name: DLN
2025-05-29 07:20:03,559 - phase-viz - INFO - load_dir:97 - Found 5 checkpoints
2025-05-29 07:20:03,559 - phase-viz - INFO - load_dir:110 - State saved successfully
2025-05-29 07:24:43,903 - phase-viz - INFO - <module>:319 - Starting phase-viz CLI
2025-05-29 07:24:43,904 - phase-viz - INFO - load_dir:60 - Loading directory: ../examples/DLN_checkpoints
2025-05-29 07:24:43,904 - phase-viz - INFO - load_dir:61 - Model file: ../examples/DLN.py
2025-05-29 07:24:43,904 - phase-viz - ERROR - load_dir:79 - name 'ClassLoadingError' is not defined
2025-05-29 07:26:17,241 - phase-viz - INFO - <module>:320 - Starting phase-viz CLI
2025-05-29 07:26:17,242 - phase-viz - INFO - load_dir:61 - Loading directory: ../examples/DLN_checkpoints
2025-05-29 07:26:17,242 - phase-viz - INFO - load_dir:62 - Model file: ../examples/DLN.py
2025-05-29 07:26:17,242 - phase-viz - ERROR - load_dir:80 - Could not infer model class
2025-05-29 07:26:24,639 - phase-viz - INFO - <module>:320 - Starting phase-viz CLI
2025-05-29 07:26:24,640 - phase-viz - INFO - load_dir:61 - Loading directory: ../examples/DLN_checkpoints_example
2025-05-29 07:26:24,640 - phase-viz - INFO - load_dir:62 - Model file: ../examples/DLN_example.py
2025-05-29 07:26:24,640 - phase-viz - INFO - load_dir:71 - Auto-detected class: DLN
2025-05-29 07:26:24,640 - phase-viz - INFO - load_dir:89 - Class name: DLN
2025-05-29 07:26:24,640 - phase-viz - INFO - load_dir:102 - Found 5 checkpoints
2025-05-29 07:26:24,640 - phase-viz - INFO - load_dir:115 - State saved successfully
2025-05-29 07:26:30,234 - phase-viz - INFO - <module>:320 - Starting phase-viz CLI
2025-05-29 07:26:30,235 - phase-viz - INFO - plot_metrics:124 - Starting plot-metric command with device=cuda, parallel=True
2025-05-29 07:26:30,235 - phase-viz - INFO - plot_metrics:127 - State loaded successfully
2025-05-29 07:26:30,376 - phase-viz - WARNING - plot_metrics:135 - CUDA requested but not available, falling back to CPU
2025-05-29 07:26:30,376 - phase-viz - INFO - plot_metrics:145 - Running on CPU
2025-05-29 07:26:31,580 - phase-viz - INFO - plot_metrics:161 - User input: all
2025-05-29 07:26:31,580 - phase-viz - INFO - plot_metrics:229 - Added metric: Weight Entropy
2025-05-29 07:26:31,580 - phase-viz - INFO - plot_metrics:229 - Added metric: Layer Connectivity
2025-05-29 07:26:31,580 - phase-viz - INFO - plot_metrics:229 - Added metric: Parameter Variance
2025-05-29 07:26:31,580 - phase-viz - INFO - plot_metrics:229 - Added metric: Layer Wise Norm Ratio
2025-05-29 07:26:31,580 - phase-viz - INFO - plot_metrics:229 - Added metric: Activation Capacity
2025-05-29 07:26:31,580 - phase-viz - INFO - plot_metrics:229 - Added metric: Dead Neuron Percentage
2025-05-29 07:26:31,580 - phase-viz - INFO - plot_metrics:229 - Added metric: Weight Rank
2025-05-29 07:26:31,580 - phase-viz - INFO - plot_metrics:229 - Added metric: Gradient Flow Score
2025-05-29 07:26:31,580 - phase-viz - INFO - plot_metrics:229 - Added metric: Effective Rank
2025-05-29 07:26:31,581 - phase-viz - INFO - plot_metrics:229 - Added metric: Avg Condition Number
2025-05-29 07:26:31,581 - phase-viz - INFO - plot_metrics:229 - Added metric: Flatness Proxy
2025-05-29 07:26:31,581 - phase-viz - INFO - plot_metrics:229 - Added metric: Mean Weight
2025-05-29 07:26:31,581 - phase-viz - INFO - plot_metrics:229 - Added metric: Weight Skew
2025-05-29 07:26:31,581 - phase-viz - INFO - plot_metrics:229 - Added metric: Weight Kurtosis
2025-05-29 07:26:31,581 - phase-viz - INFO - plot_metrics:229 - Added metric: Isotropy
2025-05-29 07:26:31,581 - phase-viz - INFO - plot_metrics:229 - Added metric: Weight Norm
2025-05-29 07:26:31,581 - phase-viz - INFO - plot_metrics:229 - Added metric: Spectral Norm
2025-05-29 07:26:31,581 - phase-viz - INFO - plot_metrics:229 - Added metric: Participation Ratio
2025-05-29 07:26:31,581 - phase-viz - INFO - plot_metrics:229 - Added metric: Sparsity
2025-05-29 07:26:31,581 - phase-viz - INFO - plot_metrics:229 - Added metric: Max Activation
2025-05-29 07:26:31,581 - phase-viz - INFO - plot_metrics:250 - Starting calculation of 20 metrics across 5 checkpoints
2025-05-29 07:26:36,826 - phase-viz - INFO - plot_metrics:292 - Saved metrics data to state file.
2025-05-29 07:26:36,827 - phase-viz - INFO - plot_metrics:302 - Trying to create plot...
2025-05-29 07:26:36,827 - phase-viz - INFO - register_html_for_cleanup:143 - Registered HTML file for cleanup: /home/sam/Documents/phase-viz/phase-viz/src/metrics_over_checkpoints_20250529_072636_43snocvn.html
2025-05-29 07:26:36,827 - phase-viz - INFO - start:244 - Started cleanup server on port 8000 for /home/sam/Documents/phase-viz/phase-viz/src/metrics_over_checkpoints_20250529_072636_43snocvn.html
2025-05-29 07:26:36,827 - phase-viz - INFO - plot_metric_interactive:79 - Started cleanup server on port 8000 for /home/sam/Documents/phase-viz/phase-viz/src/metrics_over_checkpoints_20250529_072636_43snocvn.html
2025-05-29 07:26:36,827 - phase-viz - INFO - plot_metric_interactive:1972 - Created HTML file: /home/sam/Documents/phase-viz/phase-viz/src/metrics_over_checkpoints_20250529_072636_43snocvn.html
2025-05-29 07:27:19,534 - phase-viz - INFO - unregister_html_from_cleanup:149 - Unregistered HTML file from cleanup: /home/sam/Documents/phase-viz/phase-viz/src/metrics_over_checkpoints_20250529_072636_43snocvn.html
2025-05-29 07:27:19,534 - phase-viz - INFO - do_POST:201 - Browser requested cleanup of /home/sam/Documents/phase-viz/phase-viz/src/metrics_over_checkpoints_20250529_072636_43snocvn.html
2025-05-29 07:27:19,534 - phase-viz - INFO - plot_metric_interactive:1981 - Cleanup completed for /home/sam/Documents/phase-viz/phase-viz/src/metrics_over_checkpoints_20250529_072636_43snocvn.html
2025-05-29 07:27:19,535 - phase-viz - INFO - plot_metrics:309 - Successfully created plot
2025-05-29 07:30:59,099 - phase-viz - INFO - <module>:319 - Starting phase-viz CLI
2025-05-29 07:30:59,100 - phase-viz - INFO - load_dir:60 - Loading directory: ../grok_1748461191
2025-05-29 07:30:59,100 - phase-viz - INFO - load_dir:61 - Model file: examples/transformer_grokking_example.py
2025-05-29 07:30:59,100 - phase-viz - ERROR - load_dir:79 - Could not infer model class
2025-05-29 07:31:16,674 - phase-viz - INFO - <module>:319 - Starting phase-viz CLI
2025-05-29 07:31:16,674 - phase-viz - INFO - load_dir:60 - Loading directory: ../grok_1748461191
2025-05-29 07:31:16,674 - phase-viz - INFO - load_dir:61 - Model file: ../examples/transformer_grokking_example.py
2025-05-29 07:31:16,675 - phase-viz - ERROR - load_dir:79 - 
2025-05-29 07:31:39,899 - phase-viz - INFO - <module>:319 - Starting phase-viz CLI
2025-05-29 07:31:39,900 - phase-viz - INFO - load_dir:60 - Loading directory: ../grok_1748461191
2025-05-29 07:31:39,900 - phase-viz - INFO - load_dir:61 - Model file: ../examples/transformer_grokking_example.py
2025-05-29 07:31:39,900 - phase-viz - INFO - load_dir:88 - Class name: GrokkingMLP
2025-05-29 07:31:39,900 - phase-viz - INFO - load_dir:101 - Found 51 checkpoints
2025-05-29 07:31:39,901 - phase-viz - INFO - load_dir:114 - State saved successfully
2025-05-29 07:31:49,249 - phase-viz - INFO - <module>:319 - Starting phase-viz CLI
2025-05-29 07:31:49,250 - phase-viz - INFO - plot_metrics:123 - Starting plot-metric command with device=cuda, parallel=True
2025-05-29 07:31:49,250 - phase-viz - INFO - plot_metrics:126 - State loaded successfully
2025-05-29 07:31:49,389 - phase-viz - WARNING - plot_metrics:134 - CUDA requested but not available, falling back to CPU
2025-05-29 07:31:49,389 - phase-viz - INFO - plot_metrics:144 - Running on CPU
2025-05-29 07:31:51,242 - phase-viz - INFO - plot_metrics:160 - User input: all
2025-05-29 07:31:51,242 - phase-viz - INFO - plot_metrics:228 - Added metric: Weight Entropy
2025-05-29 07:31:51,242 - phase-viz - INFO - plot_metrics:228 - Added metric: Layer Connectivity
2025-05-29 07:31:51,242 - phase-viz - INFO - plot_metrics:228 - Added metric: Parameter Variance
2025-05-29 07:31:51,242 - phase-viz - INFO - plot_metrics:228 - Added metric: Layer Wise Norm Ratio
2025-05-29 07:31:51,242 - phase-viz - INFO - plot_metrics:228 - Added metric: Activation Capacity
2025-05-29 07:31:51,242 - phase-viz - INFO - plot_metrics:228 - Added metric: Dead Neuron Percentage
2025-05-29 07:31:51,242 - phase-viz - INFO - plot_metrics:228 - Added metric: Weight Rank
2025-05-29 07:31:51,242 - phase-viz - INFO - plot_metrics:228 - Added metric: Gradient Flow Score
2025-05-29 07:31:51,242 - phase-viz - INFO - plot_metrics:228 - Added metric: Effective Rank
2025-05-29 07:31:51,242 - phase-viz - INFO - plot_metrics:228 - Added metric: Avg Condition Number
2025-05-29 07:31:51,242 - phase-viz - INFO - plot_metrics:228 - Added metric: Flatness Proxy
2025-05-29 07:31:51,242 - phase-viz - INFO - plot_metrics:228 - Added metric: Mean Weight
2025-05-29 07:31:51,242 - phase-viz - INFO - plot_metrics:228 - Added metric: Weight Skew
2025-05-29 07:31:51,242 - phase-viz - INFO - plot_metrics:228 - Added metric: Weight Kurtosis
2025-05-29 07:31:51,242 - phase-viz - INFO - plot_metrics:228 - Added metric: Isotropy
2025-05-29 07:31:51,242 - phase-viz - INFO - plot_metrics:228 - Added metric: Weight Norm
2025-05-29 07:31:51,242 - phase-viz - INFO - plot_metrics:228 - Added metric: Spectral Norm
2025-05-29 07:31:51,242 - phase-viz - INFO - plot_metrics:228 - Added metric: Participation Ratio
2025-05-29 07:31:51,242 - phase-viz - INFO - plot_metrics:228 - Added metric: Sparsity
2025-05-29 07:31:51,242 - phase-viz - INFO - plot_metrics:228 - Added metric: Max Activation
2025-05-29 07:31:51,242 - phase-viz - INFO - plot_metrics:249 - Starting calculation of 20 metrics across 51 checkpoints
2025-05-29 07:38:36,968 - phase-viz - INFO - plot_metrics:291 - Saved metrics data to state file.
2025-05-29 07:38:36,968 - phase-viz - INFO - plot_metrics:301 - Trying to create plot...
2025-05-29 07:38:36,968 - phase-viz - INFO - register_html_for_cleanup:143 - Registered HTML file for cleanup: /home/sam/Documents/phase-viz/phase-viz/src/metrics_over_checkpoints_20250529_073836_5qrkgp1h.html
2025-05-29 07:38:36,968 - phase-viz - INFO - start:244 - Started cleanup server on port 8000 for /home/sam/Documents/phase-viz/phase-viz/src/metrics_over_checkpoints_20250529_073836_5qrkgp1h.html
2025-05-29 07:38:36,968 - phase-viz - INFO - plot_metric_interactive:79 - Started cleanup server on port 8000 for /home/sam/Documents/phase-viz/phase-viz/src/metrics_over_checkpoints_20250529_073836_5qrkgp1h.html
2025-05-29 07:38:36,969 - phase-viz - INFO - plot_metric_interactive:1972 - Created HTML file: /home/sam/Documents/phase-viz/phase-viz/src/metrics_over_checkpoints_20250529_073836_5qrkgp1h.html
2025-05-29 07:39:13,926 - phase-viz - INFO - unregister_html_from_cleanup:149 - Unregistered HTML file from cleanup: /home/sam/Documents/phase-viz/phase-viz/src/metrics_over_checkpoints_20250529_073836_5qrkgp1h.html
2025-05-29 07:39:13,926 - phase-viz - INFO - do_POST:201 - Browser requested cleanup of /home/sam/Documents/phase-viz/phase-viz/src/metrics_over_checkpoints_20250529_073836_5qrkgp1h.html
2025-05-29 07:39:13,926 - phase-viz - INFO - plot_metric_interactive:1981 - Cleanup completed for /home/sam/Documents/phase-viz/phase-viz/src/metrics_over_checkpoints_20250529_073836_5qrkgp1h.html
2025-05-29 07:39:13,926 - phase-viz - INFO - plot_metrics:308 - Successfully created plot
